  Hooks.cpp
C:\Users\Cappe\OneDrive\Skrivbord\HP Fusket v2\hpfuskhemsida\Themis\Dll1\Dll1\SystemUtils\SystemUtils.h(7,32): warning C4081: expected 'newline'; found '.'
  (compiling source file 'Hooks/Hooks.cpp')
  
C:\Users\Cappe\OneDrive\Skrivbord\HP Fusket v2\hpfuskhemsida\Themis\Dll1\Dll1\Hooks\Hooks.cpp(171,35): warning C4018: '>': signed/unsigned mismatch
C:\Users\Cappe\OneDrive\Skrivbord\HP Fusket v2\hpfuskhemsida\Themis\Dll1\Dll1\Hooks\Hooks.cpp(188,38): warning C4018: '>': signed/unsigned mismatch
  ThemisSessionData.cpp
C:\Users\Cappe\OneDrive\Skrivbord\HP Fusket v2\hpfuskhemsida\Themis\Dll1\Dll1\SystemUtils\SystemUtils.h(7,32): warning C4081: expected 'newline'; found '.'
  (compiling source file 'ThemisSessionData/ThemisSessionData.cpp')
  
C:\Users\Cappe\OneDrive\Skrivbord\HP Fusket v2\hpfuskhemsida\Themis\Dll1\Dll1\ThemisSessionData\ThemisSessionData.cpp(11,33): warning C4244: '=': conversion from 'UINT64' to 'int', possible loss of data
C:\Users\Cappe\OneDrive\Skrivbord\HP Fusket v2\hpfuskhemsida\Themis\Dll1\Dll1\ThemisSessionData\ThemisSessionData.cpp(12,34): warning C4244: '=': conversion from 'UINT64' to 'int', possible loss of data
C:\Users\Cappe\OneDrive\Skrivbord\HP Fusket v2\hpfuskhemsida\Themis\Dll1\Dll1\ThemisSessionData\ThemisSessionData.cpp(13,38): warning C4244: '=': conversion from 'UINT64' to 'int', possible loss of data
C:\Users\Cappe\OneDrive\Skrivbord\HP Fusket v2\hpfuskhemsida\Themis\Dll1\Dll1\ThemisSessionData\ThemisSessionData.cpp(58,42): warning C4244: '=': conversion from 'UINT64' to 'unsigned long', possible loss of data
C:\Users\Cappe\OneDrive\Skrivbord\HP Fusket v2\hpfuskhemsida\Themis\Dll1\Dll1\ThemisSessionData\ThemisSessionData.cpp(59,43): warning C4244: '=': conversion from 'UINT64' to 'unsigned long', possible loss of data
C:\Users\Cappe\OneDrive\Skrivbord\HP Fusket v2\hpfuskhemsida\Themis\Dll1\Dll1\ThemisSessionData\ThemisSessionData.cpp(60,47): warning C4244: '=': conversion from 'UINT64' to 'unsigned long', possible loss of data
C:\Users\Cappe\OneDrive\Skrivbord\HP Fusket v2\hpfuskhemsida\Themis\Dll1\Dll1\ThemisSessionData\ThemisSessionData.cpp(72,16): warning C4244: 'initializing': conversion from '__int64' to 'int', possible loss of data
C:\Users\Cappe\OneDrive\Skrivbord\HP Fusket v2\hpfuskhemsida\Themis\Dll1\Dll1\ThemisSessionData\ThemisSessionData.cpp(83,21): warning C4244: '=': conversion from '__int64' to 'int', possible loss of data
C:\Users\Cappe\OneDrive\Skrivbord\HP Fusket v2\hpfuskhemsida\Themis\Dll1\Dll1\ThemisSessionData\ThemisSessionData.cpp(93,21): warning C4244: '=': conversion from '__int64' to 'int', possible loss of data
C:\Users\Cappe\OneDrive\Skrivbord\HP Fusket v2\hpfuskhemsida\Themis\Dll1\Dll1\ThemisSessionData\ThemisSessionData.cpp(115,40): warning C4018: '>': signed/unsigned mismatch
C:\Users\Cappe\OneDrive\Skrivbord\HP Fusket v2\hpfuskhemsida\Themis\Dll1\Dll1\ThemisSessionData\ThemisSessionData.cpp(144,42): warning C4244: '=': conversion from 'UINT64' to 'unsigned long', possible loss of data
C:\Users\Cappe\OneDrive\Skrivbord\HP Fusket v2\hpfuskhemsida\Themis\Dll1\Dll1\ThemisSessionData\ThemisSessionData.cpp(145,43): warning C4244: '=': conversion from 'UINT64' to 'unsigned long', possible loss of data
C:\Users\Cappe\OneDrive\Skrivbord\HP Fusket v2\hpfuskhemsida\Themis\Dll1\Dll1\ThemisSessionData\ThemisSessionData.cpp(146,47): warning C4244: '=': conversion from 'UINT64' to 'unsigned long', possible loss of data
  dllmain.cpp
C:\Users\Cappe\OneDrive\Skrivbord\HP Fusket v2\hpfuskhemsida\Themis\Dll1\Dll1\SystemUtils\SystemUtils.h(7,32): warning C4081: expected 'newline'; found '.'
  (compiling source file 'dllmain.cpp')
  
C:\Users\Cappe\OneDrive\Skrivbord\HP Fusket v2\hpfuskhemsida\Themis\Dll1\Dll1\dllmain.cpp(54,47): warning C4018: '>': signed/unsigned mismatch
C:\Program Files\Microsoft Visual Studio\2022\Community\MSBuild\Microsoft\VC\v170\Microsoft.CppBuild.targets(1392,5): warning MSB8012: TargetPath(C:\Users\Cappe\OneDrive\Skrivbord\HP Fusket v2\hpfuskhemsida\Themis\Dll1\Release\ThyniusDll.dll) does not match the Linker's OutputFile property value (C:\Users\Cappe\OneDrive\Skrivbord\HP Fusket v2\hpfuskhemsida\Themis\Dll1\Release\Thynius32.dll). This may cause your project to build incorrectly. To correct this, please make sure that $(OutDir), $(TargetName) and $(TargetExt) property values match the value specified in %(Link.OutputFile).
C:\Program Files\Microsoft Visual Studio\2022\Community\MSBuild\Microsoft\VC\v170\Microsoft.CppBuild.targets(1394,5): warning MSB8012: TargetName(ThyniusDll) does not match the Linker's OutputFile property value (Thynius32). This may cause your project to build incorrectly. To correct this, please make sure that $(OutDir), $(TargetName) and $(TargetExt) property values match the value specified in %(Link.OutputFile).
MSVCRT.lib(initializers.obj) : warning LNK4098: defaultlib 'libcmt.lib' conflicts with use of other libs; use /NODEFAULTLIB:library
  Generating code
C:\Users\Cappe\OneDrive\Skrivbord\HP Fusket v2\hpfuskhemsida\Themis\Dll1\Dll1\Hooks\Hooks.cpp(94): warning C4715: 'detourUndo': not all control paths return a value
  3 of 830 functions ( 0.4%) were compiled, the rest were copied from previous compilation.
    1 functions were new in current compilation
    2 functions had inline decision re-evaluated but remain unchanged
  Finished generating code
  Dll1.vcxproj -> C:\Users\Cappe\OneDrive\Skrivbord\HP Fusket v2\hpfuskhemsida\Themis\Dll1\Release\ThyniusDll.dll
