c:\users\cappe\onedrive\skrivbord\hp fusket v2\hpfuskhemsida\themis\dll1\dll1\release\vc143.pdb
c:\users\cappe\onedrive\skrivbord\hp fusket v2\hpfuskhemsida\themis\dll1\dll1\release\wordfeaturedisabler.obj
c:\users\cappe\onedrive\skrivbord\hp fusket v2\hpfuskhemsida\themis\dll1\dll1\release\themissessiondata.obj
c:\users\cappe\onedrive\skrivbord\hp fusket v2\hpfuskhemsida\themis\dll1\dll1\release\systemutils.obj
c:\users\cappe\onedrive\skrivbord\hp fusket v2\hpfuskhemsida\themis\dll1\dll1\release\memutils.obj
c:\users\cappe\onedrive\skrivbord\hp fusket v2\hpfuskhemsida\themis\dll1\dll1\release\hooks.obj
c:\users\cappe\onedrive\skrivbord\hp fusket v2\hpfuskhemsida\themis\dll1\dll1\release\dllmain.obj
c:\users\cappe\onedrive\skrivbord\hp fusket v2\hpfuskhemsida\themis\dll1\dll1\release\data.obj
c:\users\cappe\onedrive\skrivbord\hp fusket v2\hpfuskhemsida\themis\dll1\dll1\release\dll1.ipdb
c:\users\cappe\onedrive\skrivbord\hp fusket v2\hpfuskhemsida\themis\dll1\dll1\release\dll1.iobj
c:\users\cappe\onedrive\skrivbord\hp fusket v2\hpfuskhemsida\themis\dll1\dll1\release\esp2214.tmp
c:\users\cappe\onedrive\skrivbord\hp fusket v2\hpfuskhemsida\themis\dll1\dll1\release\data.nativecodeanalysis.xml
c:\users\cappe\onedrive\skrivbord\hp fusket v2\hpfuskhemsida\themis\dll1\dll1\release\dllmain.nativecodeanalysis.xml
c:\program files (x86)\thynius\dll1.pdb
c:\users\cappe\onedrive\skrivbord\hp fusket v2\hpfuskhemsida\themis\dll1\dll1\release\dll1.tlog\cl.command.1.tlog
c:\users\cappe\onedrive\skrivbord\hp fusket v2\hpfuskhemsida\themis\dll1\dll1\release\dll1.tlog\cl.items.tlog
c:\users\cappe\onedrive\skrivbord\hp fusket v2\hpfuskhemsida\themis\dll1\dll1\release\dll1.tlog\cl.read.1.tlog
c:\users\cappe\onedrive\skrivbord\hp fusket v2\hpfuskhemsida\themis\dll1\dll1\release\dll1.tlog\cl.write.1.tlog
c:\users\cappe\onedrive\skrivbord\hp fusket v2\hpfuskhemsida\themis\dll1\dll1\release\dll1.tlog\link.command.1.tlog
c:\users\cappe\onedrive\skrivbord\hp fusket v2\hpfuskhemsida\themis\dll1\dll1\release\dll1.tlog\link.read.1.tlog
c:\users\cappe\onedrive\skrivbord\hp fusket v2\hpfuskhemsida\themis\dll1\dll1\release\dll1.tlog\link.secondary.1.tlog
c:\users\cappe\onedrive\skrivbord\hp fusket v2\hpfuskhemsida\themis\dll1\dll1\release\dll1.tlog\link.write.1.tlog
