  Data.cpp
C:\Users\Cappe\OneDrive\Skrivbord\HP Fusket v2\hpfuskhemsida\Themis\Dll1\Dll1\Data\Data.cpp(25,38): warning C4018: '>': signed/unsigned mismatch
C:\Users\Cappe\OneDrive\Skrivbord\HP Fusket v2\hpfuskhemsida\Themis\Dll1\Dll1\Data\Data.cpp(34,15): warning C4101: 'ex': unreferenced local variable
C:\Users\Cappe\OneDrive\Skrivbord\HP Fusket v2\hpfuskhemsida\Themis\Dll1\Dll1\Data\Data.cpp(49,38): warning C4018: '>': signed/unsigned mismatch
C:\Users\Cappe\OneDrive\Skrivbord\HP Fusket v2\hpfuskhemsida\Themis\Dll1\Dll1\Data\Data.cpp(58,15): warning C4101: 'ex': unreferenced local variable
C:\Users\Cappe\OneDrive\Skrivbord\HP Fusket v2\hpfuskhemsida\Themis\Dll1\Dll1\Data\Data.cpp(69,38): warning C4018: '>': signed/unsigned mismatch
C:\Users\Cappe\OneDrive\Skrivbord\HP Fusket v2\hpfuskhemsida\Themis\Dll1\Dll1\Data\Data.cpp(78,15): warning C4101: 'x': unreferenced local variable
  dllmain.cpp
C:\Users\Cappe\OneDrive\Skrivbord\HP Fusket v2\hpfuskhemsida\Themis\Dll1\Dll1\SystemUtils\SystemUtils.h(7,32): warning C4081: expected 'newline'; found '.'
  (compiling source file 'dllmain.cpp')
  
C:\Users\Cappe\OneDrive\Skrivbord\HP Fusket v2\hpfuskhemsida\Themis\Dll1\Dll1\dllmain.cpp(53,47): warning C4018: '>': signed/unsigned mismatch
  Hooks.cpp
C:\Users\Cappe\OneDrive\Skrivbord\HP Fusket v2\hpfuskhemsida\Themis\Dll1\Dll1\SystemUtils\SystemUtils.h(7,32): warning C4081: expected 'newline'; found '.'
  (compiling source file 'Hooks/Hooks.cpp')
  
C:\Users\Cappe\OneDrive\Skrivbord\HP Fusket v2\hpfuskhemsida\Themis\Dll1\Dll1\Hooks\Hooks.cpp(112,35): warning C4018: '>': signed/unsigned mismatch
  MemUtils.cpp
  SystemUtils.cpp
C:\Users\Cappe\OneDrive\Skrivbord\HP Fusket v2\hpfuskhemsida\Themis\Dll1\Dll1\SystemUtils\SystemUtils.h(7,32): warning C4081: expected 'newline'; found '.'
  (compiling source file 'SystemUtils/SystemUtils.cpp')
  
  ThemisSessionData.cpp
C:\Users\Cappe\OneDrive\Skrivbord\HP Fusket v2\hpfuskhemsida\Themis\Dll1\Dll1\SystemUtils\SystemUtils.h(7,32): warning C4081: expected 'newline'; found '.'
  (compiling source file 'ThemisSessionData/ThemisSessionData.cpp')
  
C:\Users\Cappe\OneDrive\Skrivbord\HP Fusket v2\hpfuskhemsida\Themis\Dll1\Dll1\ThemisSessionData\ThemisSessionData.cpp(10,33): warning C4244: '=': conversion from 'UINT64' to 'int', possible loss of data
C:\Users\Cappe\OneDrive\Skrivbord\HP Fusket v2\hpfuskhemsida\Themis\Dll1\Dll1\ThemisSessionData\ThemisSessionData.cpp(11,34): warning C4244: '=': conversion from 'UINT64' to 'int', possible loss of data
C:\Users\Cappe\OneDrive\Skrivbord\HP Fusket v2\hpfuskhemsida\Themis\Dll1\Dll1\ThemisSessionData\ThemisSessionData.cpp(12,38): warning C4244: '=': conversion from 'UINT64' to 'int', possible loss of data
C:\Users\Cappe\OneDrive\Skrivbord\HP Fusket v2\hpfuskhemsida\Themis\Dll1\Dll1\ThemisSessionData\ThemisSessionData.cpp(57,42): warning C4244: '=': conversion from 'UINT64' to 'unsigned long', possible loss of data
C:\Users\Cappe\OneDrive\Skrivbord\HP Fusket v2\hpfuskhemsida\Themis\Dll1\Dll1\ThemisSessionData\ThemisSessionData.cpp(58,43): warning C4244: '=': conversion from 'UINT64' to 'unsigned long', possible loss of data
C:\Users\Cappe\OneDrive\Skrivbord\HP Fusket v2\hpfuskhemsida\Themis\Dll1\Dll1\ThemisSessionData\ThemisSessionData.cpp(59,47): warning C4244: '=': conversion from 'UINT64' to 'unsigned long', possible loss of data
C:\Users\Cappe\OneDrive\Skrivbord\HP Fusket v2\hpfuskhemsida\Themis\Dll1\Dll1\ThemisSessionData\ThemisSessionData.cpp(71,16): warning C4244: 'initializing': conversion from '__int64' to 'int', possible loss of data
C:\Users\Cappe\OneDrive\Skrivbord\HP Fusket v2\hpfuskhemsida\Themis\Dll1\Dll1\ThemisSessionData\ThemisSessionData.cpp(82,21): warning C4244: '=': conversion from '__int64' to 'int', possible loss of data
C:\Users\Cappe\OneDrive\Skrivbord\HP Fusket v2\hpfuskhemsida\Themis\Dll1\Dll1\ThemisSessionData\ThemisSessionData.cpp(92,21): warning C4244: '=': conversion from '__int64' to 'int', possible loss of data
C:\Users\Cappe\OneDrive\Skrivbord\HP Fusket v2\hpfuskhemsida\Themis\Dll1\Dll1\ThemisSessionData\ThemisSessionData.cpp(114,40): warning C4018: '>': signed/unsigned mismatch
C:\Users\Cappe\OneDrive\Skrivbord\HP Fusket v2\hpfuskhemsida\Themis\Dll1\Dll1\ThemisSessionData\ThemisSessionData.cpp(132,42): warning C4244: '=': conversion from 'UINT64' to 'unsigned long', possible loss of data
C:\Users\Cappe\OneDrive\Skrivbord\HP Fusket v2\hpfuskhemsida\Themis\Dll1\Dll1\ThemisSessionData\ThemisSessionData.cpp(133,43): warning C4244: '=': conversion from 'UINT64' to 'unsigned long', possible loss of data
C:\Users\Cappe\OneDrive\Skrivbord\HP Fusket v2\hpfuskhemsida\Themis\Dll1\Dll1\ThemisSessionData\ThemisSessionData.cpp(134,47): warning C4244: '=': conversion from 'UINT64' to 'unsigned long', possible loss of data
  WordFeatureDisabler.cpp
  Generating Code...
ARM\Debug\Data.obj : fatal error LNK1112: module machine type 'x86' conflicts with target machine type 'ARM'
